2021-06-30 15:42:42.063  INFO 56991 --- [main] c.org.fse.demo.MongoDbApplicationTests   : Starting MongoDbApplicationTests on CMM-C02YW1WRLVCG with PID 56991 (started by telstra in /Users/telstra/Documents/My Learning/stock-market-app/stock-market-api)
2021-06-30 15:42:42.067  INFO 56991 --- [main] c.org.fse.demo.MongoDbApplicationTests   : No active profile set, falling back to default profiles: default
2021-06-30 15:42:42.405  INFO 56991 --- [main] .s.d.r.c.RepositoryConfigurationDelegate : Bootstrapping Spring Data MongoDB repositories in DEFAULT mode.
2021-06-30 15:42:42.458  INFO 56991 --- [main] .s.d.r.c.RepositoryConfigurationDelegate : Finished Spring Data repository scanning in 47ms. Found 1 MongoDB repository interfaces.
2021-06-30 15:42:43.137  INFO 56991 --- [main] org.mongodb.driver.cluster               : Cluster created with settings {hosts=[api-database:27017], mode=MULTIPLE, requiredClusterType=UNKNOWN, serverSelectionTimeout='30000 ms', maxWaitQueueSize=500}
2021-06-30 15:42:43.138  INFO 56991 --- [main] org.mongodb.driver.cluster               : Adding discovered server api-database:27017 to client view of cluster
2021-06-30 15:42:43.789  INFO 56991 --- [main] o.s.s.concurrent.ThreadPoolTaskExecutor  : Initializing ExecutorService 'applicationTaskExecutor'
2021-06-30 15:42:44.022  INFO 56991 --- [main] c.org.fse.demo.MongoDbApplicationTests   : Started MongoDbApplicationTests in 4.635 seconds (JVM running for 5.513)
2021-06-30 15:42:44.429  INFO 56991 --- [SpringContextShutdownHook] o.s.s.concurrent.ThreadPoolTaskExecutor  : Shutting down ExecutorService 'applicationTaskExecutor'
2021-06-30 18:06:08.784  INFO 62604 --- [main] c.org.fse.demo.MongoDbApplicationTests   : Starting MongoDbApplicationTests on CMM-C02YW1WRLVCG with PID 62604 (started by telstra in /Users/telstra/Documents/My Learning/stock-market-app/stock-market-api)
2021-06-30 18:06:08.786  INFO 62604 --- [main] c.org.fse.demo.MongoDbApplicationTests   : No active profile set, falling back to default profiles: default
2021-06-30 18:06:09.092  INFO 62604 --- [main] .s.d.r.c.RepositoryConfigurationDelegate : Bootstrapping Spring Data MongoDB repositories in DEFAULT mode.
2021-06-30 18:06:09.141  INFO 62604 --- [main] .s.d.r.c.RepositoryConfigurationDelegate : Finished Spring Data repository scanning in 44ms. Found 1 MongoDB repository interfaces.
2021-06-30 18:06:09.742  INFO 62604 --- [main] org.mongodb.driver.cluster               : Cluster created with settings {hosts=[api-database:27017], mode=MULTIPLE, requiredClusterType=UNKNOWN, serverSelectionTimeout='30000 ms', maxWaitQueueSize=500}
2021-06-30 18:06:09.742  INFO 62604 --- [main] org.mongodb.driver.cluster               : Adding discovered server api-database:27017 to client view of cluster
2021-06-30 18:06:10.332  INFO 62604 --- [main] o.s.s.concurrent.ThreadPoolTaskExecutor  : Initializing ExecutorService 'applicationTaskExecutor'
2021-06-30 18:06:10.535  INFO 62604 --- [main] c.org.fse.demo.MongoDbApplicationTests   : Started MongoDbApplicationTests in 4.862 seconds (JVM running for 5.692)
2021-06-30 18:06:10.896  INFO 62604 --- [SpringContextShutdownHook] o.s.s.concurrent.ThreadPoolTaskExecutor  : Shutting down ExecutorService 'applicationTaskExecutor'
2021-06-30 19:24:52.990  INFO 65020 --- [main] c.org.fse.demo.MongoDbApplicationTests   : Starting MongoDbApplicationTests on CMM-C02YW1WRLVCG with PID 65020 (started by telstra in /Users/telstra/Documents/My Learning/stock-market-app/stock-market-api)
2021-06-30 19:24:53.038  INFO 65020 --- [main] c.org.fse.demo.MongoDbApplicationTests   : No active profile set, falling back to default profiles: default
2021-06-30 19:24:53.801  INFO 65020 --- [main] .s.d.r.c.RepositoryConfigurationDelegate : Bootstrapping Spring Data MongoDB repositories in DEFAULT mode.
2021-06-30 19:24:53.858  INFO 65020 --- [main] .s.d.r.c.RepositoryConfigurationDelegate : Finished Spring Data repository scanning in 51ms. Found 1 MongoDB repository interfaces.
2021-06-30 19:24:54.589  INFO 65020 --- [main] org.mongodb.driver.cluster               : Cluster created with settings {hosts=[api-database:27017], mode=MULTIPLE, requiredClusterType=UNKNOWN, serverSelectionTimeout='30000 ms', maxWaitQueueSize=500}
2021-06-30 19:24:54.589  INFO 65020 --- [main] org.mongodb.driver.cluster               : Adding discovered server api-database:27017 to client view of cluster
2021-06-30 19:24:55.307  INFO 65020 --- [main] o.s.s.concurrent.ThreadPoolTaskExecutor  : Initializing ExecutorService 'applicationTaskExecutor'
2021-06-30 19:24:55.580  INFO 65020 --- [main] c.org.fse.demo.MongoDbApplicationTests   : Started MongoDbApplicationTests in 6.13 seconds (JVM running for 7.12)
2021-06-30 19:24:56.077  INFO 65020 --- [SpringContextShutdownHook] o.s.s.concurrent.ThreadPoolTaskExecutor  : Shutting down ExecutorService 'applicationTaskExecutor'
2021-06-30 19:27:52.834  INFO 65266 --- [main] c.org.fse.demo.MongoDbApplicationTests   : Starting MongoDbApplicationTests on CMM-C02YW1WRLVCG with PID 65266 (started by telstra in /Users/telstra/Documents/My Learning/stock-market-app/stock-market-api)
2021-06-30 19:27:52.836  INFO 65266 --- [main] c.org.fse.demo.MongoDbApplicationTests   : No active profile set, falling back to default profiles: default
2021-06-30 19:27:53.215  INFO 65266 --- [main] .s.d.r.c.RepositoryConfigurationDelegate : Bootstrapping Spring Data MongoDB repositories in DEFAULT mode.
2021-06-30 19:27:53.274  INFO 65266 --- [main] .s.d.r.c.RepositoryConfigurationDelegate : Finished Spring Data repository scanning in 54ms. Found 1 MongoDB repository interfaces.
2021-06-30 19:27:54.064  INFO 65266 --- [main] org.mongodb.driver.cluster               : Cluster created with settings {hosts=[api-database:27017], mode=MULTIPLE, requiredClusterType=UNKNOWN, serverSelectionTimeout='30000 ms', maxWaitQueueSize=500}
2021-06-30 19:27:54.064  INFO 65266 --- [main] org.mongodb.driver.cluster               : Adding discovered server api-database:27017 to client view of cluster
2021-06-30 19:27:54.788  INFO 65266 --- [main] o.s.s.concurrent.ThreadPoolTaskExecutor  : Initializing ExecutorService 'applicationTaskExecutor'
2021-06-30 19:27:54.924  INFO 65266 --- [cluster-ClusterId{value='60dc78628451d57760f70754', description='null'}-api-database:27017] org.mongodb.driver.cluster               : Exception in monitor thread while connecting to server api-database:27017

com.mongodb.MongoSocketException: api-database: nodename nor servname provided, or not known
	at com.mongodb.ServerAddress.getSocketAddresses(ServerAddress.java:211) ~[mongodb-driver-core-3.11.2.jar:na]
	at com.mongodb.internal.connection.SocketStream.initializeSocket(SocketStream.java:75) ~[mongodb-driver-core-3.11.2.jar:na]
	at com.mongodb.internal.connection.SocketStream.open(SocketStream.java:65) ~[mongodb-driver-core-3.11.2.jar:na]
	at com.mongodb.internal.connection.InternalStreamConnection.open(InternalStreamConnection.java:128) ~[mongodb-driver-core-3.11.2.jar:na]
	at com.mongodb.internal.connection.DefaultServerMonitor$ServerMonitorRunnable.run(DefaultServerMonitor.java:117) ~[mongodb-driver-core-3.11.2.jar:na]
	at java.base/java.lang.Thread.run(Thread.java:834) ~[na:na]
Caused by: java.net.UnknownHostException: api-database: nodename nor servname provided, or not known
	at java.base/java.net.Inet6AddressImpl.lookupAllHostAddr(Native Method) ~[na:na]
	at java.base/java.net.InetAddress$PlatformNameService.lookupAllHostAddr(InetAddress.java:928) ~[na:na]
	at java.base/java.net.InetAddress.getAddressesFromNameService(InetAddress.java:1514) ~[na:na]
	at java.base/java.net.InetAddress$NameServiceAddresses.get(InetAddress.java:847) ~[na:na]
	at java.base/java.net.InetAddress.getAllByName0(InetAddress.java:1504) ~[na:na]
	at java.base/java.net.InetAddress.getAllByName(InetAddress.java:1363) ~[na:na]
	at java.base/java.net.InetAddress.getAllByName(InetAddress.java:1297) ~[na:na]
	at com.mongodb.ServerAddress.getSocketAddresses(ServerAddress.java:203) ~[mongodb-driver-core-3.11.2.jar:na]
	... 5 common frames omitted

2021-06-30 19:27:55.076  INFO 65266 --- [main] c.org.fse.demo.MongoDbApplicationTests   : Started MongoDbApplicationTests in 2.867 seconds (JVM running for 3.803)
2021-06-30 19:27:55.555  INFO 65266 --- [SpringContextShutdownHook] o.s.s.concurrent.ThreadPoolTaskExecutor  : Shutting down ExecutorService 'applicationTaskExecutor'
2021-06-30 20:09:33.982  INFO 67311 --- [main] c.org.fse.demo.MongoDbApplicationTests   : Starting MongoDbApplicationTests on CMM-C02YW1WRLVCG with PID 67311 (started by telstra in /Users/telstra/Documents/My Learning/stock-market-app/stock-market-api)
2021-06-30 20:09:33.984  INFO 67311 --- [main] c.org.fse.demo.MongoDbApplicationTests   : No active profile set, falling back to default profiles: default
2021-06-30 20:09:34.277  INFO 67311 --- [main] .s.d.r.c.RepositoryConfigurationDelegate : Bootstrapping Spring Data MongoDB repositories in DEFAULT mode.
2021-06-30 20:09:34.325  INFO 67311 --- [main] .s.d.r.c.RepositoryConfigurationDelegate : Finished Spring Data repository scanning in 43ms. Found 1 MongoDB repository interfaces.
2021-06-30 20:09:34.903  INFO 67311 --- [main] org.mongodb.driver.cluster               : Cluster created with settings {hosts=[api-database:27017], mode=MULTIPLE, requiredClusterType=UNKNOWN, serverSelectionTimeout='30000 ms', maxWaitQueueSize=500}
2021-06-30 20:09:34.903  INFO 67311 --- [main] org.mongodb.driver.cluster               : Adding discovered server api-database:27017 to client view of cluster
2021-06-30 20:09:35.446  INFO 67311 --- [main] o.s.s.concurrent.ThreadPoolTaskExecutor  : Initializing ExecutorService 'applicationTaskExecutor'
2021-06-30 20:09:35.647  INFO 67311 --- [main] c.org.fse.demo.MongoDbApplicationTests   : Started MongoDbApplicationTests in 5.609 seconds (JVM running for 6.42)
2021-06-30 20:09:36.041  INFO 67311 --- [SpringContextShutdownHook] o.s.s.concurrent.ThreadPoolTaskExecutor  : Shutting down ExecutorService 'applicationTaskExecutor'
2021-06-30 20:12:26.639  INFO 67467 --- [main] c.org.fse.demo.MongoDbApplicationTests   : Starting MongoDbApplicationTests on CMM-C02YW1WRLVCG with PID 67467 (started by telstra in /Users/telstra/Documents/My Learning/stock-market-app/stock-market-api)
2021-06-30 20:12:26.641  INFO 67467 --- [main] c.org.fse.demo.MongoDbApplicationTests   : No active profile set, falling back to default profiles: default
2021-06-30 20:12:26.950  INFO 67467 --- [main] .s.d.r.c.RepositoryConfigurationDelegate : Bootstrapping Spring Data MongoDB repositories in DEFAULT mode.
2021-06-30 20:12:26.991  INFO 67467 --- [main] .s.d.r.c.RepositoryConfigurationDelegate : Finished Spring Data repository scanning in 36ms. Found 1 MongoDB repository interfaces.
2021-06-30 20:12:28.169  INFO 67467 --- [main] org.mongodb.driver.cluster               : Cluster created with settings {hosts=[api-database:27017], mode=MULTIPLE, requiredClusterType=UNKNOWN, serverSelectionTimeout='30000 ms', maxWaitQueueSize=500}
2021-06-30 20:12:28.170  INFO 67467 --- [main] org.mongodb.driver.cluster               : Adding discovered server api-database:27017 to client view of cluster
2021-06-30 20:12:28.907  INFO 67467 --- [main] o.s.s.concurrent.ThreadPoolTaskExecutor  : Initializing ExecutorService 'applicationTaskExecutor'
2021-06-30 20:12:29.048  INFO 67467 --- [cluster-ClusterId{value='60dc82d444fca14819abb88d', description='null'}-api-database:27017] org.mongodb.driver.cluster               : Exception in monitor thread while connecting to server api-database:27017

com.mongodb.MongoSocketException: api-database: nodename nor servname provided, or not known
	at com.mongodb.ServerAddress.getSocketAddresses(ServerAddress.java:211) ~[mongodb-driver-core-3.11.2.jar:na]
	at com.mongodb.internal.connection.SocketStream.initializeSocket(SocketStream.java:75) ~[mongodb-driver-core-3.11.2.jar:na]
	at com.mongodb.internal.connection.SocketStream.open(SocketStream.java:65) ~[mongodb-driver-core-3.11.2.jar:na]
	at com.mongodb.internal.connection.InternalStreamConnection.open(InternalStreamConnection.java:128) ~[mongodb-driver-core-3.11.2.jar:na]
	at com.mongodb.internal.connection.DefaultServerMonitor$ServerMonitorRunnable.run(DefaultServerMonitor.java:117) ~[mongodb-driver-core-3.11.2.jar:na]
	at java.base/java.lang.Thread.run(Thread.java:834) ~[na:na]
Caused by: java.net.UnknownHostException: api-database: nodename nor servname provided, or not known
	at java.base/java.net.Inet6AddressImpl.lookupAllHostAddr(Native Method) ~[na:na]
	at java.base/java.net.InetAddress$PlatformNameService.lookupAllHostAddr(InetAddress.java:928) ~[na:na]
	at java.base/java.net.InetAddress.getAddressesFromNameService(InetAddress.java:1514) ~[na:na]
	at java.base/java.net.InetAddress$NameServiceAddresses.get(InetAddress.java:847) ~[na:na]
	at java.base/java.net.InetAddress.getAllByName0(InetAddress.java:1504) ~[na:na]
	at java.base/java.net.InetAddress.getAllByName(InetAddress.java:1363) ~[na:na]
	at java.base/java.net.InetAddress.getAllByName(InetAddress.java:1297) ~[na:na]
	at com.mongodb.ServerAddress.getSocketAddresses(ServerAddress.java:203) ~[mongodb-driver-core-3.11.2.jar:na]
	... 5 common frames omitted

2021-06-30 20:12:29.155  INFO 67467 --- [main] c.org.fse.demo.MongoDbApplicationTests   : Started MongoDbApplicationTests in 3.048 seconds (JVM running for 3.863)
2021-06-30 20:12:29.610  INFO 67467 --- [SpringContextShutdownHook] o.s.s.concurrent.ThreadPoolTaskExecutor  : Shutting down ExecutorService 'applicationTaskExecutor'
2021-06-30 20:13:29.673  INFO 67569 --- [main] c.org.fse.demo.MongoDbApplicationTests   : Starting MongoDbApplicationTests on CMM-C02YW1WRLVCG with PID 67569 (started by telstra in /Users/telstra/Documents/My Learning/stock-market-app/stock-market-api)
2021-06-30 20:13:29.674  INFO 67569 --- [main] c.org.fse.demo.MongoDbApplicationTests   : No active profile set, falling back to default profiles: default
2021-06-30 20:13:30.063  INFO 67569 --- [main] .s.d.r.c.RepositoryConfigurationDelegate : Bootstrapping Spring Data MongoDB repositories in DEFAULT mode.
2021-06-30 20:13:30.112  INFO 67569 --- [main] .s.d.r.c.RepositoryConfigurationDelegate : Finished Spring Data repository scanning in 44ms. Found 1 MongoDB repository interfaces.
2021-06-30 20:13:30.842  INFO 67569 --- [main] org.mongodb.driver.cluster               : Cluster created with settings {hosts=[api-database:27017], mode=MULTIPLE, requiredClusterType=UNKNOWN, serverSelectionTimeout='30000 ms', maxWaitQueueSize=500}
2021-06-30 20:13:30.842  INFO 67569 --- [main] org.mongodb.driver.cluster               : Adding discovered server api-database:27017 to client view of cluster
2021-06-30 20:13:30.883  INFO 67569 --- [cluster-ClusterId{value='60dc8312cc12ca4b36c9414b', description='null'}-api-database:27017] org.mongodb.driver.cluster               : Exception in monitor thread while connecting to server api-database:27017

com.mongodb.MongoSocketException: api-database: nodename nor servname provided, or not known
	at com.mongodb.ServerAddress.getSocketAddresses(ServerAddress.java:211) ~[mongodb-driver-core-3.11.2.jar:na]
	at com.mongodb.internal.connection.SocketStream.initializeSocket(SocketStream.java:75) ~[mongodb-driver-core-3.11.2.jar:na]
	at com.mongodb.internal.connection.SocketStream.open(SocketStream.java:65) ~[mongodb-driver-core-3.11.2.jar:na]
	at com.mongodb.internal.connection.InternalStreamConnection.open(InternalStreamConnection.java:128) ~[mongodb-driver-core-3.11.2.jar:na]
	at com.mongodb.internal.connection.DefaultServerMonitor$ServerMonitorRunnable.run(DefaultServerMonitor.java:117) ~[mongodb-driver-core-3.11.2.jar:na]
	at java.base/java.lang.Thread.run(Thread.java:834) ~[na:na]
Caused by: java.net.UnknownHostException: api-database: nodename nor servname provided, or not known
	at java.base/java.net.Inet6AddressImpl.lookupAllHostAddr(Native Method) ~[na:na]
	at java.base/java.net.InetAddress$PlatformNameService.lookupAllHostAddr(InetAddress.java:928) ~[na:na]
	at java.base/java.net.InetAddress.getAddressesFromNameService(InetAddress.java:1514) ~[na:na]
	at java.base/java.net.InetAddress$NameServiceAddresses.get(InetAddress.java:847) ~[na:na]
	at java.base/java.net.InetAddress.getAllByName0(InetAddress.java:1504) ~[na:na]
	at java.base/java.net.InetAddress.getAllByName(InetAddress.java:1363) ~[na:na]
	at java.base/java.net.InetAddress.getAllByName(InetAddress.java:1297) ~[na:na]
	at com.mongodb.ServerAddress.getSocketAddresses(ServerAddress.java:203) ~[mongodb-driver-core-3.11.2.jar:na]
	... 5 common frames omitted

2021-06-30 20:13:31.464  INFO 67569 --- [main] o.s.s.concurrent.ThreadPoolTaskExecutor  : Initializing ExecutorService 'applicationTaskExecutor'
2021-06-30 20:13:31.694  INFO 67569 --- [main] c.org.fse.demo.MongoDbApplicationTests   : Started MongoDbApplicationTests in 2.303 seconds (JVM running for 3.22)
2021-06-30 20:13:32.127  INFO 67569 --- [SpringContextShutdownHook] o.s.s.concurrent.ThreadPoolTaskExecutor  : Shutting down ExecutorService 'applicationTaskExecutor'
2021-06-30 22:57:44.512  INFO 70307 --- [main] c.org.fse.demo.MongoDbApplicationTests   : Starting MongoDbApplicationTests on CMM-C02YW1WRLVCG with PID 70307 (started by telstra in /Users/telstra/Documents/My Learning/stock-market-app/stock-market-api)
2021-06-30 22:57:44.514  INFO 70307 --- [main] c.org.fse.demo.MongoDbApplicationTests   : No active profile set, falling back to default profiles: default
2021-06-30 22:57:44.902  INFO 70307 --- [main] .s.d.r.c.RepositoryConfigurationDelegate : Bootstrapping Spring Data MongoDB repositories in DEFAULT mode.
2021-06-30 22:57:44.946  INFO 70307 --- [main] .s.d.r.c.RepositoryConfigurationDelegate : Finished Spring Data repository scanning in 39ms. Found 1 MongoDB repository interfaces.
2021-06-30 22:57:45.589  INFO 70307 --- [main] org.mongodb.driver.cluster               : Cluster created with settings {hosts=[api-database:27017], mode=MULTIPLE, requiredClusterType=UNKNOWN, serverSelectionTimeout='30000 ms', maxWaitQueueSize=500}
2021-06-30 22:57:45.589  INFO 70307 --- [main] org.mongodb.driver.cluster               : Adding discovered server api-database:27017 to client view of cluster
2021-06-30 22:57:45.620  INFO 70307 --- [cluster-ClusterId{value='60dca9917a6af141c5598ec8', description='null'}-api-database:27017] org.mongodb.driver.cluster               : Exception in monitor thread while connecting to server api-database:27017

com.mongodb.MongoSocketException: api-database: nodename nor servname provided, or not known
	at com.mongodb.ServerAddress.getSocketAddresses(ServerAddress.java:211) ~[mongodb-driver-core-3.11.2.jar:na]
	at com.mongodb.internal.connection.SocketStream.initializeSocket(SocketStream.java:75) ~[mongodb-driver-core-3.11.2.jar:na]
	at com.mongodb.internal.connection.SocketStream.open(SocketStream.java:65) ~[mongodb-driver-core-3.11.2.jar:na]
	at com.mongodb.internal.connection.InternalStreamConnection.open(InternalStreamConnection.java:128) ~[mongodb-driver-core-3.11.2.jar:na]
	at com.mongodb.internal.connection.DefaultServerMonitor$ServerMonitorRunnable.run(DefaultServerMonitor.java:117) ~[mongodb-driver-core-3.11.2.jar:na]
	at java.base/java.lang.Thread.run(Thread.java:834) ~[na:na]
Caused by: java.net.UnknownHostException: api-database: nodename nor servname provided, or not known
	at java.base/java.net.Inet6AddressImpl.lookupAllHostAddr(Native Method) ~[na:na]
	at java.base/java.net.InetAddress$PlatformNameService.lookupAllHostAddr(InetAddress.java:928) ~[na:na]
	at java.base/java.net.InetAddress.getAddressesFromNameService(InetAddress.java:1514) ~[na:na]
	at java.base/java.net.InetAddress$NameServiceAddresses.get(InetAddress.java:847) ~[na:na]
	at java.base/java.net.InetAddress.getAllByName0(InetAddress.java:1504) ~[na:na]
	at java.base/java.net.InetAddress.getAllByName(InetAddress.java:1363) ~[na:na]
	at java.base/java.net.InetAddress.getAllByName(InetAddress.java:1297) ~[na:na]
	at com.mongodb.ServerAddress.getSocketAddresses(ServerAddress.java:203) ~[mongodb-driver-core-3.11.2.jar:na]
	... 5 common frames omitted

2021-06-30 22:57:46.166  INFO 70307 --- [main] o.s.s.concurrent.ThreadPoolTaskExecutor  : Initializing ExecutorService 'applicationTaskExecutor'
2021-06-30 22:57:46.393  INFO 70307 --- [main] c.org.fse.demo.MongoDbApplicationTests   : Started MongoDbApplicationTests in 2.197 seconds (JVM running for 2.984)
2021-06-30 22:57:46.779  INFO 70307 --- [SpringContextShutdownHook] o.s.s.concurrent.ThreadPoolTaskExecutor  : Shutting down ExecutorService 'applicationTaskExecutor'
2021-06-30 23:03:42.159  INFO 70654 --- [main] c.org.fse.demo.MongoDbApplicationTests   : Starting MongoDbApplicationTests on CMM-C02YW1WRLVCG with PID 70654 (started by telstra in /Users/telstra/Documents/My Learning/stock-market-app/stock-market-api)
2021-06-30 23:03:42.161  INFO 70654 --- [main] c.org.fse.demo.MongoDbApplicationTests   : No active profile set, falling back to default profiles: default
2021-06-30 23:03:42.482  INFO 70654 --- [main] .s.d.r.c.RepositoryConfigurationDelegate : Bootstrapping Spring Data MongoDB repositories in DEFAULT mode.
2021-06-30 23:03:42.520  INFO 70654 --- [main] .s.d.r.c.RepositoryConfigurationDelegate : Finished Spring Data repository scanning in 34ms. Found 1 MongoDB repository interfaces.
2021-06-30 23:03:43.142  INFO 70654 --- [main] org.mongodb.driver.cluster               : Cluster created with settings {hosts=[api-database:27017], mode=MULTIPLE, requiredClusterType=UNKNOWN, serverSelectionTimeout='30000 ms', maxWaitQueueSize=500}
2021-06-30 23:03:43.143  INFO 70654 --- [main] org.mongodb.driver.cluster               : Adding discovered server api-database:27017 to client view of cluster
2021-06-30 23:03:43.182  INFO 70654 --- [cluster-ClusterId{value='60dcaaf734583431516cc85b', description='null'}-api-database:27017] org.mongodb.driver.cluster               : Exception in monitor thread while connecting to server api-database:27017

com.mongodb.MongoSocketException: api-database: nodename nor servname provided, or not known
	at com.mongodb.ServerAddress.getSocketAddresses(ServerAddress.java:211) ~[mongodb-driver-core-3.11.2.jar:na]
	at com.mongodb.internal.connection.SocketStream.initializeSocket(SocketStream.java:75) ~[mongodb-driver-core-3.11.2.jar:na]
	at com.mongodb.internal.connection.SocketStream.open(SocketStream.java:65) ~[mongodb-driver-core-3.11.2.jar:na]
	at com.mongodb.internal.connection.InternalStreamConnection.open(InternalStreamConnection.java:128) ~[mongodb-driver-core-3.11.2.jar:na]
	at com.mongodb.internal.connection.DefaultServerMonitor$ServerMonitorRunnable.run(DefaultServerMonitor.java:117) ~[mongodb-driver-core-3.11.2.jar:na]
	at java.base/java.lang.Thread.run(Thread.java:834) ~[na:na]
Caused by: java.net.UnknownHostException: api-database: nodename nor servname provided, or not known
	at java.base/java.net.Inet6AddressImpl.lookupAllHostAddr(Native Method) ~[na:na]
	at java.base/java.net.InetAddress$PlatformNameService.lookupAllHostAddr(InetAddress.java:928) ~[na:na]
	at java.base/java.net.InetAddress.getAddressesFromNameService(InetAddress.java:1514) ~[na:na]
	at java.base/java.net.InetAddress$NameServiceAddresses.get(InetAddress.java:847) ~[na:na]
	at java.base/java.net.InetAddress.getAllByName0(InetAddress.java:1504) ~[na:na]
	at java.base/java.net.InetAddress.getAllByName(InetAddress.java:1363) ~[na:na]
	at java.base/java.net.InetAddress.getAllByName(InetAddress.java:1297) ~[na:na]
	at com.mongodb.ServerAddress.getSocketAddresses(ServerAddress.java:203) ~[mongodb-driver-core-3.11.2.jar:na]
	... 5 common frames omitted

2021-06-30 23:03:43.705  INFO 70654 --- [main] o.s.s.concurrent.ThreadPoolTaskExecutor  : Initializing ExecutorService 'applicationTaskExecutor'
2021-06-30 23:03:43.914  INFO 70654 --- [main] c.org.fse.demo.MongoDbApplicationTests   : Started MongoDbApplicationTests in 2.057 seconds (JVM running for 2.853)
2021-06-30 23:03:44.322  INFO 70654 --- [SpringContextShutdownHook] o.s.s.concurrent.ThreadPoolTaskExecutor  : Shutting down ExecutorService 'applicationTaskExecutor'
2021-06-30 23:10:17.596  INFO 70992 --- [main] c.org.fse.demo.MongoDbApplicationTests   : Starting MongoDbApplicationTests on CMM-C02YW1WRLVCG with PID 70992 (started by telstra in /Users/telstra/Documents/My Learning/stock-market-app/stock-market-api)
2021-06-30 23:10:17.597  INFO 70992 --- [main] c.org.fse.demo.MongoDbApplicationTests   : No active profile set, falling back to default profiles: default
2021-06-30 23:10:17.925  INFO 70992 --- [main] .s.d.r.c.RepositoryConfigurationDelegate : Bootstrapping Spring Data MongoDB repositories in DEFAULT mode.
2021-06-30 23:10:17.969  INFO 70992 --- [main] .s.d.r.c.RepositoryConfigurationDelegate : Finished Spring Data repository scanning in 39ms. Found 1 MongoDB repository interfaces.
2021-06-30 23:10:18.578  INFO 70992 --- [main] org.mongodb.driver.cluster               : Cluster created with settings {hosts=[api-database:27017], mode=MULTIPLE, requiredClusterType=UNKNOWN, serverSelectionTimeout='30000 ms', maxWaitQueueSize=500}
2021-06-30 23:10:18.578  INFO 70992 --- [main] org.mongodb.driver.cluster               : Adding discovered server api-database:27017 to client view of cluster
2021-06-30 23:10:18.612  INFO 70992 --- [cluster-ClusterId{value='60dcac825dacb77f958b3413', description='null'}-api-database:27017] org.mongodb.driver.cluster               : Exception in monitor thread while connecting to server api-database:27017

com.mongodb.MongoSocketException: api-database: nodename nor servname provided, or not known
	at com.mongodb.ServerAddress.getSocketAddresses(ServerAddress.java:211) ~[mongodb-driver-core-3.11.2.jar:na]
	at com.mongodb.internal.connection.SocketStream.initializeSocket(SocketStream.java:75) ~[mongodb-driver-core-3.11.2.jar:na]
	at com.mongodb.internal.connection.SocketStream.open(SocketStream.java:65) ~[mongodb-driver-core-3.11.2.jar:na]
	at com.mongodb.internal.connection.InternalStreamConnection.open(InternalStreamConnection.java:128) ~[mongodb-driver-core-3.11.2.jar:na]
	at com.mongodb.internal.connection.DefaultServerMonitor$ServerMonitorRunnable.run(DefaultServerMonitor.java:117) ~[mongodb-driver-core-3.11.2.jar:na]
	at java.base/java.lang.Thread.run(Thread.java:834) ~[na:na]
Caused by: java.net.UnknownHostException: api-database: nodename nor servname provided, or not known
	at java.base/java.net.Inet6AddressImpl.lookupAllHostAddr(Native Method) ~[na:na]
	at java.base/java.net.InetAddress$PlatformNameService.lookupAllHostAddr(InetAddress.java:928) ~[na:na]
	at java.base/java.net.InetAddress.getAddressesFromNameService(InetAddress.java:1514) ~[na:na]
	at java.base/java.net.InetAddress$NameServiceAddresses.get(InetAddress.java:847) ~[na:na]
	at java.base/java.net.InetAddress.getAllByName0(InetAddress.java:1504) ~[na:na]
	at java.base/java.net.InetAddress.getAllByName(InetAddress.java:1363) ~[na:na]
	at java.base/java.net.InetAddress.getAllByName(InetAddress.java:1297) ~[na:na]
	at com.mongodb.ServerAddress.getSocketAddresses(ServerAddress.java:203) ~[mongodb-driver-core-3.11.2.jar:na]
	... 5 common frames omitted

2021-06-30 23:10:19.140  INFO 70992 --- [main] o.s.s.concurrent.ThreadPoolTaskExecutor  : Initializing ExecutorService 'applicationTaskExecutor'
2021-06-30 23:10:19.354  INFO 70992 --- [main] c.org.fse.demo.MongoDbApplicationTests   : Started MongoDbApplicationTests in 2.067 seconds (JVM running for 2.877)
2021-06-30 23:10:19.727  INFO 70992 --- [SpringContextShutdownHook] o.s.s.concurrent.ThreadPoolTaskExecutor  : Shutting down ExecutorService 'applicationTaskExecutor'
2021-06-30 23:16:14.899  INFO 71294 --- [main] c.org.fse.demo.MongoDbApplicationTests   : Starting MongoDbApplicationTests on CMM-C02YW1WRLVCG with PID 71294 (started by telstra in /Users/telstra/Documents/My Learning/stock-market-app/stock-market-api)
2021-06-30 23:16:14.901  INFO 71294 --- [main] c.org.fse.demo.MongoDbApplicationTests   : No active profile set, falling back to default profiles: default
2021-06-30 23:16:15.246  INFO 71294 --- [main] .s.d.r.c.RepositoryConfigurationDelegate : Bootstrapping Spring Data MongoDB repositories in DEFAULT mode.
2021-06-30 23:16:15.292  INFO 71294 --- [main] .s.d.r.c.RepositoryConfigurationDelegate : Finished Spring Data repository scanning in 41ms. Found 1 MongoDB repository interfaces.
2021-06-30 23:16:15.995  INFO 71294 --- [main] org.mongodb.driver.cluster               : Cluster created with settings {hosts=[api-database:27017], mode=MULTIPLE, requiredClusterType=UNKNOWN, serverSelectionTimeout='30000 ms', maxWaitQueueSize=500}
2021-06-30 23:16:15.995  INFO 71294 --- [main] org.mongodb.driver.cluster               : Adding discovered server api-database:27017 to client view of cluster
2021-06-30 23:16:16.041  INFO 71294 --- [cluster-ClusterId{value='60dcade747a04a265fc6caac', description='null'}-api-database:27017] org.mongodb.driver.cluster               : Exception in monitor thread while connecting to server api-database:27017

com.mongodb.MongoSocketException: api-database: nodename nor servname provided, or not known
	at com.mongodb.ServerAddress.getSocketAddresses(ServerAddress.java:211) ~[mongodb-driver-core-3.11.2.jar:na]
	at com.mongodb.internal.connection.SocketStream.initializeSocket(SocketStream.java:75) ~[mongodb-driver-core-3.11.2.jar:na]
	at com.mongodb.internal.connection.SocketStream.open(SocketStream.java:65) ~[mongodb-driver-core-3.11.2.jar:na]
	at com.mongodb.internal.connection.InternalStreamConnection.open(InternalStreamConnection.java:128) ~[mongodb-driver-core-3.11.2.jar:na]
	at com.mongodb.internal.connection.DefaultServerMonitor$ServerMonitorRunnable.run(DefaultServerMonitor.java:117) ~[mongodb-driver-core-3.11.2.jar:na]
	at java.base/java.lang.Thread.run(Thread.java:834) ~[na:na]
Caused by: java.net.UnknownHostException: api-database: nodename nor servname provided, or not known
	at java.base/java.net.Inet6AddressImpl.lookupAllHostAddr(Native Method) ~[na:na]
	at java.base/java.net.InetAddress$PlatformNameService.lookupAllHostAddr(InetAddress.java:928) ~[na:na]
	at java.base/java.net.InetAddress.getAddressesFromNameService(InetAddress.java:1514) ~[na:na]
	at java.base/java.net.InetAddress$NameServiceAddresses.get(InetAddress.java:847) ~[na:na]
	at java.base/java.net.InetAddress.getAllByName0(InetAddress.java:1504) ~[na:na]
	at java.base/java.net.InetAddress.getAllByName(InetAddress.java:1363) ~[na:na]
	at java.base/java.net.InetAddress.getAllByName(InetAddress.java:1297) ~[na:na]
	at com.mongodb.ServerAddress.getSocketAddresses(ServerAddress.java:203) ~[mongodb-driver-core-3.11.2.jar:na]
	... 5 common frames omitted

2021-06-30 23:16:16.622  INFO 71294 --- [main] o.s.s.concurrent.ThreadPoolTaskExecutor  : Initializing ExecutorService 'applicationTaskExecutor'
2021-06-30 23:16:16.854  INFO 71294 --- [main] c.org.fse.demo.MongoDbApplicationTests   : Started MongoDbApplicationTests in 2.437 seconds (JVM running for 3.263)
2021-06-30 23:16:17.288  INFO 71294 --- [SpringContextShutdownHook] o.s.s.concurrent.ThreadPoolTaskExecutor  : Shutting down ExecutorService 'applicationTaskExecutor'
2021-06-30 23:18:41.243  INFO 71433 --- [main] c.org.fse.demo.MongoDbApplicationTests   : Starting MongoDbApplicationTests on CMM-C02YW1WRLVCG with PID 71433 (started by telstra in /Users/telstra/Documents/My Learning/stock-market-app/stock-market-api)
2021-06-30 23:18:41.245  INFO 71433 --- [main] c.org.fse.demo.MongoDbApplicationTests   : No active profile set, falling back to default profiles: default
2021-06-30 23:18:41.577  INFO 71433 --- [main] .s.d.r.c.RepositoryConfigurationDelegate : Bootstrapping Spring Data MongoDB repositories in DEFAULT mode.
2021-06-30 23:18:41.624  INFO 71433 --- [main] .s.d.r.c.RepositoryConfigurationDelegate : Finished Spring Data repository scanning in 42ms. Found 1 MongoDB repository interfaces.
2021-06-30 23:18:42.259  INFO 71433 --- [main] org.mongodb.driver.cluster               : Cluster created with settings {hosts=[api-database:27017], mode=MULTIPLE, requiredClusterType=UNKNOWN, serverSelectionTimeout='30000 ms', maxWaitQueueSize=500}
2021-06-30 23:18:42.260  INFO 71433 --- [main] org.mongodb.driver.cluster               : Adding discovered server api-database:27017 to client view of cluster
2021-06-30 23:18:42.296  INFO 71433 --- [cluster-ClusterId{value='60dcae7a34ea35758f59ca8a', description='null'}-api-database:27017] org.mongodb.driver.cluster               : Exception in monitor thread while connecting to server api-database:27017

com.mongodb.MongoSocketException: api-database: nodename nor servname provided, or not known
	at com.mongodb.ServerAddress.getSocketAddresses(ServerAddress.java:211) ~[mongodb-driver-core-3.11.2.jar:na]
	at com.mongodb.internal.connection.SocketStream.initializeSocket(SocketStream.java:75) ~[mongodb-driver-core-3.11.2.jar:na]
	at com.mongodb.internal.connection.SocketStream.open(SocketStream.java:65) ~[mongodb-driver-core-3.11.2.jar:na]
	at com.mongodb.internal.connection.InternalStreamConnection.open(InternalStreamConnection.java:128) ~[mongodb-driver-core-3.11.2.jar:na]
	at com.mongodb.internal.connection.DefaultServerMonitor$ServerMonitorRunnable.run(DefaultServerMonitor.java:117) ~[mongodb-driver-core-3.11.2.jar:na]
	at java.base/java.lang.Thread.run(Thread.java:834) ~[na:na]
Caused by: java.net.UnknownHostException: api-database: nodename nor servname provided, or not known
	at java.base/java.net.Inet6AddressImpl.lookupAllHostAddr(Native Method) ~[na:na]
	at java.base/java.net.InetAddress$PlatformNameService.lookupAllHostAddr(InetAddress.java:928) ~[na:na]
	at java.base/java.net.InetAddress.getAddressesFromNameService(InetAddress.java:1514) ~[na:na]
	at java.base/java.net.InetAddress$NameServiceAddresses.get(InetAddress.java:847) ~[na:na]
	at java.base/java.net.InetAddress.getAllByName0(InetAddress.java:1504) ~[na:na]
	at java.base/java.net.InetAddress.getAllByName(InetAddress.java:1363) ~[na:na]
	at java.base/java.net.InetAddress.getAllByName(InetAddress.java:1297) ~[na:na]
	at com.mongodb.ServerAddress.getSocketAddresses(ServerAddress.java:203) ~[mongodb-driver-core-3.11.2.jar:na]
	... 5 common frames omitted

2021-06-30 23:18:42.816  INFO 71433 --- [main] o.s.s.concurrent.ThreadPoolTaskExecutor  : Initializing ExecutorService 'applicationTaskExecutor'
2021-06-30 23:18:43.028  INFO 71433 --- [main] c.org.fse.demo.MongoDbApplicationTests   : Started MongoDbApplicationTests in 2.093 seconds (JVM running for 2.885)
2021-06-30 23:18:43.398  INFO 71433 --- [SpringContextShutdownHook] o.s.s.concurrent.ThreadPoolTaskExecutor  : Shutting down ExecutorService 'applicationTaskExecutor'
2021-06-30 23:19:52.463  INFO 71529 --- [main] c.org.fse.demo.MongoDbApplicationTests   : Starting MongoDbApplicationTests on CMM-C02YW1WRLVCG with PID 71529 (started by telstra in /Users/telstra/Documents/My Learning/stock-market-app/stock-market-api)
2021-06-30 23:19:52.464  INFO 71529 --- [main] c.org.fse.demo.MongoDbApplicationTests   : No active profile set, falling back to default profiles: default
2021-06-30 23:19:52.790  INFO 71529 --- [main] .s.d.r.c.RepositoryConfigurationDelegate : Bootstrapping Spring Data MongoDB repositories in DEFAULT mode.
2021-06-30 23:19:52.826  INFO 71529 --- [main] .s.d.r.c.RepositoryConfigurationDelegate : Finished Spring Data repository scanning in 32ms. Found 1 MongoDB repository interfaces.
2021-06-30 23:19:53.441  INFO 71529 --- [main] org.mongodb.driver.cluster               : Cluster created with settings {hosts=[api-database:27017], mode=MULTIPLE, requiredClusterType=UNKNOWN, serverSelectionTimeout='30000 ms', maxWaitQueueSize=500}
2021-06-30 23:19:53.442  INFO 71529 --- [main] org.mongodb.driver.cluster               : Adding discovered server api-database:27017 to client view of cluster
2021-06-30 23:19:53.476  INFO 71529 --- [cluster-ClusterId{value='60dcaec16d1b107031c31cef', description='null'}-api-database:27017] org.mongodb.driver.cluster               : Exception in monitor thread while connecting to server api-database:27017

com.mongodb.MongoSocketException: api-database: nodename nor servname provided, or not known
	at com.mongodb.ServerAddress.getSocketAddresses(ServerAddress.java:211) ~[mongodb-driver-core-3.11.2.jar:na]
	at com.mongodb.internal.connection.SocketStream.initializeSocket(SocketStream.java:75) ~[mongodb-driver-core-3.11.2.jar:na]
	at com.mongodb.internal.connection.SocketStream.open(SocketStream.java:65) ~[mongodb-driver-core-3.11.2.jar:na]
	at com.mongodb.internal.connection.InternalStreamConnection.open(InternalStreamConnection.java:128) ~[mongodb-driver-core-3.11.2.jar:na]
	at com.mongodb.internal.connection.DefaultServerMonitor$ServerMonitorRunnable.run(DefaultServerMonitor.java:117) ~[mongodb-driver-core-3.11.2.jar:na]
	at java.base/java.lang.Thread.run(Thread.java:834) ~[na:na]
Caused by: java.net.UnknownHostException: api-database: nodename nor servname provided, or not known
	at java.base/java.net.Inet6AddressImpl.lookupAllHostAddr(Native Method) ~[na:na]
	at java.base/java.net.InetAddress$PlatformNameService.lookupAllHostAddr(InetAddress.java:928) ~[na:na]
	at java.base/java.net.InetAddress.getAddressesFromNameService(InetAddress.java:1514) ~[na:na]
	at java.base/java.net.InetAddress$NameServiceAddresses.get(InetAddress.java:847) ~[na:na]
	at java.base/java.net.InetAddress.getAllByName0(InetAddress.java:1504) ~[na:na]
	at java.base/java.net.InetAddress.getAllByName(InetAddress.java:1363) ~[na:na]
	at java.base/java.net.InetAddress.getAllByName(InetAddress.java:1297) ~[na:na]
	at com.mongodb.ServerAddress.getSocketAddresses(ServerAddress.java:203) ~[mongodb-driver-core-3.11.2.jar:na]
	... 5 common frames omitted

2021-06-30 23:19:53.996  INFO 71529 --- [main] o.s.s.concurrent.ThreadPoolTaskExecutor  : Initializing ExecutorService 'applicationTaskExecutor'
2021-06-30 23:19:54.191  INFO 71529 --- [main] c.org.fse.demo.MongoDbApplicationTests   : Started MongoDbApplicationTests in 2.03 seconds (JVM running for 2.838)
2021-06-30 23:19:54.514  INFO 71529 --- [SpringContextShutdownHook] o.s.s.concurrent.ThreadPoolTaskExecutor  : Shutting down ExecutorService 'applicationTaskExecutor'
2021-06-30 23:21:29.895  INFO 71619 --- [main] c.org.fse.demo.MongoDbApplicationTests   : Starting MongoDbApplicationTests on CMM-C02YW1WRLVCG with PID 71619 (started by telstra in /Users/telstra/Documents/My Learning/stock-market-app/stock-market-api)
2021-06-30 23:21:29.896  INFO 71619 --- [main] c.org.fse.demo.MongoDbApplicationTests   : No active profile set, falling back to default profiles: default
2021-06-30 23:21:30.282  INFO 71619 --- [main] .s.d.r.c.RepositoryConfigurationDelegate : Bootstrapping Spring Data MongoDB repositories in DEFAULT mode.
2021-06-30 23:21:30.332  INFO 71619 --- [main] .s.d.r.c.RepositoryConfigurationDelegate : Finished Spring Data repository scanning in 46ms. Found 1 MongoDB repository interfaces.
2021-06-30 23:21:30.936  INFO 71619 --- [main] org.mongodb.driver.cluster               : Cluster created with settings {hosts=[api-database:27017], mode=MULTIPLE, requiredClusterType=UNKNOWN, serverSelectionTimeout='30000 ms', maxWaitQueueSize=500}
2021-06-30 23:21:30.937  INFO 71619 --- [main] org.mongodb.driver.cluster               : Adding discovered server api-database:27017 to client view of cluster
2021-06-30 23:21:30.968  INFO 71619 --- [cluster-ClusterId{value='60dcaf2292434e5132cb788f', description='null'}-api-database:27017] org.mongodb.driver.cluster               : Exception in monitor thread while connecting to server api-database:27017

com.mongodb.MongoSocketException: api-database: nodename nor servname provided, or not known
	at com.mongodb.ServerAddress.getSocketAddresses(ServerAddress.java:211) ~[mongodb-driver-core-3.11.2.jar:na]
	at com.mongodb.internal.connection.SocketStream.initializeSocket(SocketStream.java:75) ~[mongodb-driver-core-3.11.2.jar:na]
	at com.mongodb.internal.connection.SocketStream.open(SocketStream.java:65) ~[mongodb-driver-core-3.11.2.jar:na]
	at com.mongodb.internal.connection.InternalStreamConnection.open(InternalStreamConnection.java:128) ~[mongodb-driver-core-3.11.2.jar:na]
	at com.mongodb.internal.connection.DefaultServerMonitor$ServerMonitorRunnable.run(DefaultServerMonitor.java:117) ~[mongodb-driver-core-3.11.2.jar:na]
	at java.base/java.lang.Thread.run(Thread.java:834) ~[na:na]
Caused by: java.net.UnknownHostException: api-database: nodename nor servname provided, or not known
	at java.base/java.net.Inet6AddressImpl.lookupAllHostAddr(Native Method) ~[na:na]
	at java.base/java.net.InetAddress$PlatformNameService.lookupAllHostAddr(InetAddress.java:928) ~[na:na]
	at java.base/java.net.InetAddress.getAddressesFromNameService(InetAddress.java:1514) ~[na:na]
	at java.base/java.net.InetAddress$NameServiceAddresses.get(InetAddress.java:847) ~[na:na]
	at java.base/java.net.InetAddress.getAllByName0(InetAddress.java:1504) ~[na:na]
	at java.base/java.net.InetAddress.getAllByName(InetAddress.java:1363) ~[na:na]
	at java.base/java.net.InetAddress.getAllByName(InetAddress.java:1297) ~[na:na]
	at com.mongodb.ServerAddress.getSocketAddresses(ServerAddress.java:203) ~[mongodb-driver-core-3.11.2.jar:na]
	... 5 common frames omitted

2021-06-30 23:21:31.690  INFO 71619 --- [main] o.s.s.concurrent.ThreadPoolTaskExecutor  : Initializing ExecutorService 'applicationTaskExecutor'
2021-06-30 23:21:31.949  INFO 71619 --- [main] c.org.fse.demo.MongoDbApplicationTests   : Started MongoDbApplicationTests in 2.383 seconds (JVM running for 3.202)
2021-06-30 23:21:32.324  INFO 71619 --- [SpringContextShutdownHook] o.s.s.concurrent.ThreadPoolTaskExecutor  : Shutting down ExecutorService 'applicationTaskExecutor'
